TN:
SF:index.js
FN:12,getYarnVersion
FN:22,getYarnVersionType
FN:29,getWorkspaceInfo
FN:46,detectPackageManager
FN:71,checkProjectValidity
FN:91,runNpmAudit
FN:113,(anonymous_6)
FN:125,(anonymous_7)
FN:146,runYarnAudit
FN:172,(anonymous_9)
FN:202,runSecurityAudit
FN:250,(anonymous_11)
FN:268,(anonymous_12)
FN:282,(anonymous_13)
FN:300,(anonymous_14)
FN:316,(anonymous_15)
FN:334,(anonymous_16)
FN:359,(anonymous_17)
FNF:18
FNH:0
FNDA:0,getYarnVersion
FNDA:0,getYarnVersionType
FNDA:0,getWorkspaceInfo
FNDA:0,detectPackageManager
FNDA:0,checkProjectValidity
FNDA:0,runNpmAudit
FNDA:0,(anonymous_6)
FNDA:0,(anonymous_7)
FNDA:0,runYarnAudit
FNDA:0,(anonymous_9)
FNDA:0,runSecurityAudit
FNDA:0,(anonymous_11)
FNDA:0,(anonymous_12)
FNDA:0,(anonymous_13)
FNDA:0,(anonymous_14)
FNDA:0,(anonymous_15)
FNDA:0,(anonymous_16)
FNDA:0,(anonymous_17)
DA:3,0
DA:4,0
DA:5,0
DA:6,0
DA:7,0
DA:8,0
DA:9,0
DA:13,0
DA:14,0
DA:15,0
DA:17,0
DA:23,0
DA:24,0
DA:25,0
DA:30,0
DA:31,0
DA:32,0
DA:33,0
DA:34,0
DA:35,0
DA:36,0
DA:39,0
DA:41,0
DA:47,0
DA:48,0
DA:49,0
DA:51,0
DA:52,0
DA:53,0
DA:54,0
DA:62,0
DA:63,0
DA:67,0
DA:72,0
DA:73,0
DA:75,0
DA:76,0
DA:77,0
DA:78,0
DA:81,0
DA:82,0
DA:83,0
DA:85,0
DA:86,0
DA:92,0
DA:94,0
DA:95,0
DA:96,0
DA:97,0
DA:99,0
DA:103,0
DA:104,0
DA:106,0
DA:107,0
DA:108,0
DA:111,0
DA:113,0
DA:114,0
DA:115,0
DA:116,0
DA:117,0
DA:118,0
DA:120,0
DA:121,0
DA:124,0
DA:125,0
DA:126,0
DA:127,0
DA:131,0
DA:132,0
DA:135,0
DA:136,0
DA:138,0
DA:139,0
DA:140,0
DA:147,0
DA:148,0
DA:151,0
DA:152,0
DA:155,0
DA:158,0
DA:161,0
DA:162,0
DA:166,0
DA:169,0
DA:170,0
DA:172,0
DA:173,0
DA:174,0
DA:175,0
DA:176,0
DA:181,0
DA:182,0
DA:183,0
DA:184,0
DA:186,0
DA:191,0
DA:192,0
DA:193,0
DA:195,0
DA:196,0
DA:203,0
DA:205,0
DA:206,0
DA:209,0
DA:210,0
DA:211,0
DA:213,0
DA:217,0
DA:218,0
DA:219,0
DA:220,0
DA:221,0
DA:222,0
DA:223,0
DA:224,0
DA:225,0
DA:226,0
DA:228,0
DA:235,0
DA:236,0
DA:238,0
DA:243,0
DA:247,0
DA:251,0
DA:252,0
DA:253,0
DA:255,0
DA:256,0
DA:258,0
DA:264,0
DA:265,0
DA:267,0
DA:268,0
DA:269,0
DA:271,0
DA:274,0
DA:275,0
DA:279,0
DA:283,0
DA:284,0
DA:285,0
DA:287,0
DA:288,0
DA:290,0
DA:296,0
DA:297,0
DA:299,0
DA:300,0
DA:301,0
DA:304,0
DA:305,0
DA:308,0
DA:309,0
DA:313,0
DA:317,0
DA:318,0
DA:319,0
DA:321,0
DA:322,0
DA:324,0
DA:326,0
DA:327,0
DA:331,0
DA:335,0
DA:336,0
DA:337,0
DA:338,0
DA:340,0
DA:341,0
DA:342,0
DA:343,0
DA:344,0
DA:346,0
DA:348,0
DA:349,0
DA:352,0
DA:353,0
DA:358,0
DA:360,0
DA:361,0
DA:364,0
LF:182
LH:0
BRDA:23,0,0,0
BRDA:23,0,1,0
BRDA:25,1,0,0
BRDA:25,1,1,0
BRDA:32,2,0,0
BRDA:32,2,1,0
BRDA:33,3,0,0
BRDA:33,3,1,0
BRDA:35,4,0,0
BRDA:35,4,1,0
BRDA:51,5,0,0
BRDA:51,5,1,0
BRDA:58,6,0,0
BRDA:58,6,1,0
BRDA:62,7,0,0
BRDA:62,7,1,0
BRDA:75,8,0,0
BRDA:75,8,1,0
BRDA:91,9,0,0
BRDA:94,10,0,0
BRDA:94,10,1,0
BRDA:106,11,0,0
BRDA:106,11,1,0
BRDA:106,12,0,0
BRDA:106,12,1,0
BRDA:117,13,0,0
BRDA:117,13,1,0
BRDA:120,14,0,0
BRDA:120,14,1,0
BRDA:126,15,0,0
BRDA:126,15,1,0
BRDA:126,16,0,0
BRDA:126,16,1,0
BRDA:131,17,0,0
BRDA:131,17,1,0
BRDA:131,18,0,0
BRDA:131,18,1,0
BRDA:135,19,0,0
BRDA:135,19,1,0
BRDA:146,20,0,0
BRDA:151,21,0,0
BRDA:151,21,1,0
BRDA:158,22,0,0
BRDA:158,22,1,0
BRDA:158,23,0,0
BRDA:158,23,1,0
BRDA:158,23,2,0
BRDA:173,24,0,0
BRDA:173,24,1,0
BRDA:173,25,0,0
BRDA:173,25,1,0
BRDA:175,26,0,0
BRDA:175,26,1,0
BRDA:181,27,0,0
BRDA:181,27,1,0
BRDA:191,28,0,0
BRDA:191,28,1,0
BRDA:191,29,0,0
BRDA:191,29,1,0
BRDA:205,30,0,0
BRDA:205,30,1,0
BRDA:210,31,0,0
BRDA:210,31,1,0
BRDA:219,32,0,0
BRDA:219,32,1,0
BRDA:223,33,0,0
BRDA:223,33,1,0
BRDA:223,34,0,0
BRDA:223,34,1,0
BRDA:225,35,0,0
BRDA:225,35,1,0
BRDA:235,36,0,0
BRDA:235,36,1,0
BRDA:264,37,0,0
BRDA:264,37,1,0
BRDA:296,38,0,0
BRDA:296,38,1,0
BRDA:304,39,0,0
BRDA:304,39,1,0
BRDA:343,40,0,0
BRDA:343,40,1,0
BRDA:346,41,0,0
BRDA:346,41,1,0
BRDA:348,42,0,0
BRDA:348,42,1,0
BRF:85
BRH:0
end_of_record
TN:
SF:src/depmanager.js
FN:8,getYarnVersion
FN:18,getYarnVersionType
FN:25,getWorkspaceInfo
FN:47,detectPackageManager
FN:71,checkProjectValidity
FN:87,runNpmAudit
FN:109,runYarnAudit
FNF:7
FNH:2
FNDA:0,getYarnVersion
FNDA:8,getYarnVersionType
FNDA:7,getWorkspaceInfo
FNDA:0,detectPackageManager
FNDA:0,checkProjectValidity
FNDA:0,runNpmAudit
FNDA:0,runYarnAudit
DA:1,1
DA:2,1
DA:3,1
DA:4,1
DA:5,1
DA:9,0
DA:10,0
DA:11,0
DA:13,0
DA:19,8
DA:20,6
DA:21,6
DA:26,7
DA:27,7
DA:28,7
DA:29,1
DA:32,6
DA:33,5
DA:34,4
DA:35,2
DA:36,2
DA:37,2
DA:40,1
DA:42,1
DA:48,0
DA:49,0
DA:51,0
DA:52,0
DA:53,0
DA:54,0
DA:62,0
DA:63,0
DA:67,0
DA:72,0
DA:74,0
DA:75,0
DA:78,0
DA:79,0
DA:80,0
DA:82,0
DA:88,0
DA:90,0
DA:91,0
DA:92,0
DA:93,0
DA:95,0
DA:99,0
DA:100,0
DA:102,0
DA:104,0
DA:110,0
DA:111,0
DA:114,0
DA:115,0
DA:118,0
DA:120,0
DA:122,0
DA:126,1
LF:58
LH:21
BRDA:19,0,0,2
BRDA:19,0,1,6
BRDA:21,1,0,4
BRDA:21,1,1,2
BRDA:25,2,0,0
BRDA:28,3,0,1
BRDA:28,3,1,6
BRDA:33,4,0,4
BRDA:33,4,1,1
BRDA:34,5,0,2
BRDA:34,5,1,2
BRDA:36,6,0,2
BRDA:36,6,1,0
BRDA:47,7,0,0
BRDA:51,8,0,0
BRDA:51,8,1,0
BRDA:58,9,0,0
BRDA:58,9,1,0
BRDA:62,10,0,0
BRDA:62,10,1,0
BRDA:71,11,0,0
BRDA:74,12,0,0
BRDA:74,12,1,0
BRDA:87,13,0,0
BRDA:90,14,0,0
BRDA:90,14,1,0
BRDA:109,15,0,0
BRDA:114,16,0,0
BRDA:114,16,1,0
BRF:29
BRH:11
end_of_record
