TN:
SF:src/cli.ts
FN:28,displayNpmAuditResults
FN:36,(anonymous_10)
FN:48,(anonymous_11)
FN:62,displayYarnAuditResults
FN:78,(anonymous_13)
FN:99,runSecurityAudit
FN:131,runSecurityAuditForDirectory
FN:177,checkCommand
FN:195,(anonymous_17)
FN:209,updateCommand
FN:227,(anonymous_19)
FN:243,securityCommand
FN:261,infoCommand
FN:310,(anonymous_22)
FNF:14
FNH:0
FNDA:0,displayNpmAuditResults
FNDA:0,(anonymous_10)
FNDA:0,(anonymous_11)
FNDA:0,displayYarnAuditResults
FNDA:0,(anonymous_13)
FNDA:0,runSecurityAudit
FNDA:0,runSecurityAuditForDirectory
FNDA:0,checkCommand
FNDA:0,(anonymous_17)
FNDA:0,updateCommand
FNDA:0,(anonymous_19)
FNDA:0,securityCommand
FNDA:0,infoCommand
FNDA:0,(anonymous_22)
DA:3,0
DA:4,0
DA:5,0
DA:6,0
DA:7,0
DA:8,0
DA:9,0
DA:23,0
DA:29,0
DA:30,0
DA:31,0
DA:34,0
DA:36,0
DA:37,0
DA:38,0
DA:39,0
DA:40,0
DA:41,0
DA:43,0
DA:44,0
DA:47,0
DA:48,0
DA:49,0
DA:50,0
DA:54,0
DA:55,0
DA:64,0
DA:67,0
DA:68,0
DA:72,0
DA:75,0
DA:76,0
DA:78,0
DA:79,0
DA:80,0
DA:81,0
DA:82,0
DA:87,0
DA:88,0
DA:89,0
DA:90,0
DA:92,0
DA:100,0
DA:102,0
DA:103,0
DA:106,0
DA:107,0
DA:110,0
DA:111,0
DA:112,0
DA:113,0
DA:114,0
DA:115,0
DA:116,0
DA:117,0
DA:118,0
DA:124,0
DA:132,0
DA:133,0
DA:134,0
DA:135,0
DA:136,0
DA:137,0
DA:138,0
DA:139,0
DA:142,0
DA:143,0
DA:147,0
DA:148,0
DA:149,0
DA:150,0
DA:151,0
DA:153,0
DA:154,0
DA:155,0
DA:158,0
DA:159,0
DA:163,0
DA:164,0
DA:165,0
DA:167,0
DA:168,0
DA:169,0
DA:178,0
DA:179,0
DA:180,0
DA:182,0
DA:183,0
DA:185,0
DA:191,0
DA:192,0
DA:194,0
DA:195,0
DA:196,0
DA:198,0
DA:201,0
DA:202,0
DA:210,0
DA:211,0
DA:212,0
DA:214,0
DA:215,0
DA:217,0
DA:223,0
DA:224,0
DA:226,0
DA:227,0
DA:228,0
DA:231,0
DA:232,0
DA:235,0
DA:236,0
DA:244,0
DA:245,0
DA:246,0
DA:248,0
DA:249,0
DA:251,0
DA:253,0
DA:254,0
DA:262,0
DA:263,0
DA:264,0
DA:266,0
DA:267,0
DA:268,0
DA:269,0
DA:270,0
DA:272,0
DA:274,0
DA:275,0
DA:278,0
DA:279,0
DA:284,0
DA:288,0
DA:293,0
DA:298,0
DA:303,0
DA:309,0
DA:311,0
DA:312,0
DA:316,0
LF:142
LH:0
BRDA:29,0,0,0
BRDA:29,1,0,0
BRDA:29,1,1,0
BRDA:40,2,0,0
BRDA:43,3,0,0
BRDA:43,3,1,0
BRDA:49,4,0,0
BRDA:49,5,0,0
BRDA:49,5,1,0
BRDA:54,6,0,0
BRDA:54,7,0,0
BRDA:54,7,1,0
BRDA:64,8,0,0
BRDA:64,9,0,0
BRDA:64,9,1,0
BRDA:64,9,2,0
BRDA:79,10,0,0
BRDA:79,11,0,0
BRDA:79,11,1,0
BRDA:81,12,0,0
BRDA:87,13,0,0
BRDA:87,13,1,0
BRDA:102,14,0,0
BRDA:102,14,1,0
BRDA:112,15,0,0
BRDA:116,16,0,0
BRDA:116,17,0,0
BRDA:116,17,1,0
BRDA:132,18,0,0
BRDA:132,18,1,0
BRDA:134,19,0,0
BRDA:142,20,0,0
BRDA:142,20,1,0
BRDA:147,21,0,0
BRDA:147,21,1,0
BRDA:147,22,0,0
BRDA:147,22,1,0
BRDA:191,23,0,0
BRDA:191,23,1,0
BRDA:223,24,0,0
BRDA:223,24,1,0
BRDA:231,25,0,0
BRDA:231,25,1,0
BRDA:269,26,0,0
BRDA:272,27,0,0
BRDA:272,27,1,0
BRDA:274,28,0,0
BRF:47
BRH:0
end_of_record
TN:
SF:src/depmanager.ts
FN:19,getYarnVersion
FN:31,getYarnVersionType
FN:40,getWorkspaceInfo
FN:66,detectPackageManager
FN:92,checkProjectValidity
FN:111,runNpmAudit
FN:134,runYarnAudit
FN:154,parsePackageJson
FN:166,fileExists
FN:177,getProjectInfo
FNF:10
FNH:2
FNDA:0,getYarnVersion
FNDA:8,getYarnVersionType
FNDA:7,getWorkspaceInfo
FNDA:0,detectPackageManager
FNDA:0,checkProjectValidity
FNDA:0,runNpmAudit
FNDA:0,runYarnAudit
FNDA:0,parsePackageJson
FNDA:0,fileExists
FNDA:0,getProjectInfo
DA:1,1
DA:2,1
DA:3,1
DA:4,1
DA:14,1
DA:19,1
DA:20,0
DA:21,0
DA:22,0
DA:24,0
DA:31,1
DA:32,8
DA:33,6
DA:34,6
DA:40,1
DA:41,7
DA:42,7
DA:43,7
DA:44,1
DA:47,6
DA:48,6
DA:50,5
DA:51,4
DA:52,2
DA:53,2
DA:54,2
DA:57,1
DA:59,1
DA:66,1
DA:67,0
DA:68,0
DA:70,0
DA:71,0
DA:72,0
DA:73,0
DA:81,0
DA:82,0
DA:86,0
DA:92,1
DA:93,0
DA:95,0
DA:96,0
DA:99,0
DA:100,0
DA:101,0
DA:102,0
DA:104,0
DA:111,1
DA:112,0
DA:114,0
DA:115,0
DA:116,0
DA:117,0
DA:119,0
DA:123,0
DA:124,0
DA:125,0
DA:127,0
DA:134,1
DA:135,0
DA:136,0
DA:139,0
DA:140,0
DA:143,0
DA:145,0
DA:147,0
DA:154,1
DA:155,0
DA:156,0
DA:157,0
DA:159,0
DA:166,1
DA:167,0
DA:168,0
DA:170,0
DA:177,1
DA:182,0
DA:183,0
DA:184,0
DA:186,0
LF:80
LH:31
BRDA:32,0,0,2
BRDA:34,1,0,4
BRDA:34,1,1,2
BRDA:40,2,0,0
BRDA:43,3,0,1
BRDA:50,4,0,4
BRDA:51,5,0,2
BRDA:51,5,1,2
BRDA:53,6,0,2
BRDA:66,7,0,0
BRDA:70,8,0,0
BRDA:77,9,0,0
BRDA:77,9,1,0
BRDA:81,10,0,0
BRDA:92,11,0,0
BRDA:95,12,0,0
BRDA:111,13,0,0
BRDA:114,14,0,0
BRDA:134,15,0,0
BRDA:139,16,0,0
BRDA:177,17,0,0
BRF:21
BRH:8
end_of_record
